<?xml version="1.0" encoding="UTF-8"?>
<!-- Generated by org.testng.reporters.JUnitXMLReporter -->
<testsuite hostname="GCPGXZ1" name="Default test" tests="7" failures="0" timestamp="3 Nov 2016 06:30:22 GMT" time="106.362" errors="0">
  <testcase name="loginQCC" time="15.946" classname="qccAutomation.TestNG_QCCDriverScript"/>
  <testcase name="AgencySetting" time="14.455" classname="qccAutomation.TestNG_QCCDriverScript"/>
  <testcase name="AccessSetting" time="15.732" classname="qccAutomation.TestNG_QCCDriverScript"/>
  <testcase name="UserSetting" time="26.438" classname="qccAutomation.TestNG_QCCDriverScript"/>
  <testcase name="deleteAccess" time="7.894" classname="qccAutomation.TestNG_QCCDriverScript"/>
  <testcase name="deleteAgency" time="8.813" classname="qccAutomation.TestNG_QCCDriverScript"/>
  <testcase name="RegionSetting" time="17.046" classname="qccAutomation.TestNG_QCCDriverScript"/>
</testsuite> <!-- Default test -->
